<?xml version="1.0" encoding="UTF-8"?>
<!-- Generated by org.testng.reporters.JUnitReportReporter -->
<testsuite hostname="priyas" name="Main.NewTest" tests="3" failures="0" timestamp="18 Sep 2014 07:41:15 GMT" time="91.553" errors="0">
  <testcase name="selectCityTest1" time="54.762" classname="Main.NewTest"/>
  <testcase name="urlFunction" time="30.195" classname="Main.NewTest"/>
  <testcase name="f" time="6.596" classname="Main.NewTest"/>
</testsuite> <!-- Main.NewTest -->
