<?xml version="1.0" encoding="UTF-8"?>
<!-- Generated by org.testng.reporters.JUnitReportReporter -->
<testsuite hostname="priyas" name="Main.Test1_Form" tests="1" failures="0" timestamp="25 Sep 2014 12:02:40 GMT" time="55.517" errors="0">
  <testcase name="urlFunction" time="55.517" classname="Main.Test1_Form"/>
</testsuite> <!-- Main.Test1_Form -->
