<?xml version="1.0" encoding="UTF-8"?>
<!-- Generated by org.testng.reporters.JUnitReportReporter -->
<testsuite hostname="priyas" name="Main.Test3_Footer" tests="1" failures="0" timestamp="25 Sep 2014 11:32:04 GMT" time="29.699" errors="0">
  <testcase name="imagesSort" time="29.699" classname="Main.Test3_Footer"/>
</testsuite> <!-- Main.Test3_Footer -->
