<?xml version="1.0" encoding="UTF-8"?>
<!-- Generated by org.testng.reporters.JUnitReportReporter -->
<testsuite hostname="priyas" name="Main.NewTest1" tests="2" failures="0" timestamp="19 Sep 2014 02:31:09 GMT" time="20.967" errors="0">
  <testcase name="f" time="4.717" classname="Main.NewTest1"/>
  <testcase name="urlFunction" time="16.250" classname="Main.NewTest1"/>
</testsuite> <!-- Main.NewTest1 -->
