<?xml version="1.0" encoding="UTF-8"?>
<!-- Generated by org.testng.reporters.JUnitReportReporter -->
<testsuite hostname="priyas" name="Main.Test_SelectCity" tests="1" failures="0" timestamp="25 Sep 2014 11:32:04 GMT" time="29.068" errors="0">
  <testcase name="selectCityTest1" time="29.068" classname="Main.Test_SelectCity"/>
</testsuite> <!-- Main.Test_SelectCity -->
