<?xml version="1.0" encoding="UTF-8"?>
<!-- Generated by org.testng.reporters.JUnitReportReporter -->
<testsuite hostname="priyas" name="Main.TestBase" tests="1" failures="0" timestamp="12 Sep 2014 05:40:41 GMT" time="35.339" errors="0">
  <testcase name="f" time="35.339" classname="Main.TestBase"/>
</testsuite> <!-- Main.TestBase -->
